2016-07-18 13:24:22,628 INFO  [org.jboss.modules] (main) JBoss Modules version 1.5.1.Final-redhat-1
2016-07-18 13:24:22,796 INFO  [org.jboss.msc] (main) JBoss MSC version 1.2.6.Final-redhat-1
2016-07-18 13:24:22,875 INFO  [org.jboss.as] (MSC service thread 1-7) WFLYSRV0049: JBoss EAP 7.0.0.GA (WildFly Core 2.1.2.Final-redhat-1) démarre
2016-07-18 13:24:22,924 INFO  [org.xnio] (MSC service thread 1-5) XNIO version 3.3.6.Final-redhat-1
2016-07-18 13:24:22,930 INFO  [org.xnio.nio] (MSC service thread 1-5) XNIO NIO Implementation Version 3.3.6.Final-redhat-1
2016-07-18 13:24:22,954 INFO  [org.jboss.remoting] (MSC service thread 1-5) JBoss Remoting version 4.0.18.Final-redhat-1
2016-07-18 13:24:24,163 WARN  [org.jboss.as.txn] (ServerService Thread Pool -- 58) WFLYTX0013: Propriété d'identificateur de noeud définie à la valeur par défaut. Veillez à ce que cette valeur soit bien unique.
2016-07-18 13:24:24,163 INFO  [org.wildfly.extension.io] (ServerService Thread Pool -- 38) WFLYIO001: L'employé 'default' a configuré automatiquement les fils principaux 16 avec les fils de tâche 128 selon vos 8 processeurs disponibles
2016-07-18 13:24:24,168 INFO  [org.jboss.as.clustering.infinispan] (ServerService Thread Pool -- 39) WFLYCLINF0001: Activation du sous-système Infinispan
2016-07-18 13:24:24,168 INFO  [org.jboss.as.connector.subsystems.datasources] (ServerService Thread Pool -- 35) WFLYJCA0004: Déploiement du pilote compatible JDCB class org.h2.Driver (version 1.3)
2016-07-18 13:24:24,177 INFO  [org.jboss.as.jsf] (ServerService Thread Pool -- 46) WFLYJSF0007: A activé les implémentations JSF suivantes : [main]
2016-07-18 13:24:24,231 INFO  [org.jboss.as.naming] (ServerService Thread Pool -- 50) WFLYNAM0001: Démarrage du sous-système de nommage
2016-07-18 13:24:24,239 INFO  [org.jboss.as.webservices] (ServerService Thread Pool -- 60) WFLYWS0002: Activation de l'extension WebServices
2016-07-18 13:24:24,249 INFO  [org.jboss.as.connector] (MSC service thread 1-8) WFLYJCA0009: Démarrage du sous-système JCA (WildFly/IronJacamar 1.3.3.Final-redhat-1)
2016-07-18 13:24:24,255 INFO  [org.wildfly.iiop.openjdk] (ServerService Thread Pool -- 40) WFLYIIOP0001: Activation du sous-système IIOP
2016-07-18 13:24:24,257 INFO  [org.jboss.as.security] (ServerService Thread Pool -- 56) WFLYSEC0002: Activation du sous-système de sécurité
2016-07-18 13:24:24,258 INFO  [org.jboss.as.connector.deployers.jdbc] (MSC service thread 1-8) WFLYJCA0018: Démarrage du service de pilote avec le nom de pilote  = h2
2016-07-18 13:24:24,263 INFO  [org.jboss.as.security] (MSC service thread 1-2) WFLYSEC0001: Version PicketBox actuelle=4.9.6.Final-redhat-1
2016-07-18 13:24:24,266 INFO  [org.wildfly.extension.undertow] (MSC service thread 1-3) WFLYUT0003: Démarrage 1.3.21.Final-redhat-1 d'Undertow 
2016-07-18 13:24:24,266 INFO  [org.wildfly.extension.undertow] (ServerService Thread Pool -- 59) WFLYUT0003: Démarrage 1.3.21.Final-redhat-1 d'Undertow 
2016-07-18 13:24:24,321 INFO  [org.jboss.as.naming] (MSC service thread 1-6) WFLYNAM0003: Démarrage du service de nommage
2016-07-18 13:24:24,322 INFO  [org.jboss.as.mail.extension] (MSC service thread 1-2) WFLYMAIL0001: Session mail liée [java:jboss/mail/Default]
2016-07-18 13:24:24,371 INFO  [org.wildfly.extension.undertow] (ServerService Thread Pool -- 59) WFLYUT0014: Création de gestionnaire de fichier pour le chemin '/Users/enonowog/BlogWorkspace/EAPDomains/labs-eap7/jboss-eap-7.0/welcome-content' avec les options [directory-listing: 'false', follow-symlink: 'false', case-sensitive: 'true', safe-symlink-paths: '[]']
2016-07-18 13:24:24,580 INFO  [org.wildfly.extension.undertow] (MSC service thread 1-6) WFLYUT0012: A démarré le serveur default-server.
2016-07-18 13:24:24,585 INFO  [org.wildfly.extension.undertow] (MSC service thread 1-6) WFLYUT0018: L'hôte default-host démarre
2016-07-18 13:24:24,720 INFO  [org.wildfly.extension.undertow] (MSC service thread 1-6) WFLYUT0006: Undertow HTTP écouteur default écoutant sur 127.0.0.1:8380
2016-07-18 13:24:24,760 INFO  [org.jboss.as.ejb3] (MSC service thread 1-7) WFLYEJB0482: Strict pool mdb-strict-max-pool utilise une taille d'instance max de 32 (par classe), qui est dérivée du nombre de CPU présents sur cet hôte.
2016-07-18 13:24:24,760 INFO  [org.jboss.as.ejb3] (MSC service thread 1-1) WFLYEJB0481: Strict pool slsb-strict-max-pool utilise une taille d'instance max de 128 (par classe), qui est dérivée de la taille du pool de worker de threads.
2016-07-18 13:24:24,913 INFO  [org.jboss.as.connector.subsystems.datasources] (MSC service thread 1-4) WFLYJCA0001: Source de données liée [java:jboss/datasources/ExampleDS]
2016-07-18 13:24:24,922 INFO  [org.wildfly.iiop.openjdk] (MSC service thread 1-3) WFLYIIOP0009: Service CORBA ORB démarré
2016-07-18 13:24:24,994 INFO  [org.wildfly.extension.messaging-activemq] (MSC service thread 1-1) WFLYMSGAMQ0001: AIO ne se trouvait pas sur cette plateforme, il faudra donc utiliser du Java NIO pur.
2016-07-18 13:24:25,083 INFO  [org.jboss.ws.common.management] (MSC service thread 1-6) JBWS022052: Starting JBossWS 5.1.3.SP1-redhat-1 (Apache CXF 3.1.4.redhat-1) 
2016-07-18 13:24:25,102 INFO  [org.apache.activemq.artemis.core.server] (ServerService Thread Pool -- 62) AMQ221000: live Message Broker is starting with configuration Broker Configuration (clustered=false,journalDirectory=/Users/enonowog/BlogWorkspace/EAPDomains/labs-eap7/jboss-eap-7.0/bin/../../host2/domain/servers/Server21/data/activemq/journal,bindingsDirectory=/Users/enonowog/BlogWorkspace/EAPDomains/labs-eap7/jboss-eap-7.0/bin/../../host2/domain/servers/Server21/data/activemq/bindings,largeMessagesDirectory=/Users/enonowog/BlogWorkspace/EAPDomains/labs-eap7/jboss-eap-7.0/bin/../../host2/domain/servers/Server21/data/activemq/largemessages,pagingDirectory=/Users/enonowog/BlogWorkspace/EAPDomains/labs-eap7/jboss-eap-7.0/bin/../../host2/domain/servers/Server21/data/activemq/paging)
2016-07-18 13:24:25,129 INFO  [org.apache.activemq.artemis.core.server] (ServerService Thread Pool -- 62) AMQ221013: Using NIO Journal
2016-07-18 13:24:25,165 INFO  [org.infinispan.factories.GlobalComponentRegistry] (MSC service thread 1-3) ISPN000128: Infinispan version: Infinispan 'Mahou' 8.1.2.Final-redhat-1
2016-07-18 13:24:25,235 INFO  [org.apache.activemq.artemis.core.server] (ServerService Thread Pool -- 62) AMQ221043: Protocol module found: [artemis-server]. Adding protocol support for: CORE
2016-07-18 13:24:25,238 INFO  [org.apache.activemq.artemis.core.server] (ServerService Thread Pool -- 62) AMQ221043: Protocol module found: [artemis-hornetq-protocol]. Adding protocol support for: HORNETQ
2016-07-18 13:24:25,337 INFO  [org.wildfly.extension.messaging-activemq] (MSC service thread 1-7) WFLYMSGAMQ0016: Mise à niveau HTTP enregistré pour le protocole activemq-remoting géré par l'acceptateur http-acceptor
2016-07-18 13:24:25,339 INFO  [org.wildfly.extension.messaging-activemq] (MSC service thread 1-7) WFLYMSGAMQ0016: Mise à niveau HTTP enregistré pour le protocole activemq-remoting géré par l'acceptateur http-acceptor-throughput
2016-07-18 13:24:25,340 INFO  [org.wildfly.extension.messaging-activemq] (MSC service thread 1-7) WFLYMSGAMQ0016: Mise à niveau HTTP enregistré pour le protocole activemq-remoting géré par l'acceptateur http-acceptor
2016-07-18 13:24:25,340 INFO  [org.wildfly.extension.messaging-activemq] (MSC service thread 1-7) WFLYMSGAMQ0016: Mise à niveau HTTP enregistré pour le protocole activemq-remoting géré par l'acceptateur http-acceptor-throughput
2016-07-18 13:24:25,463 INFO  [org.apache.activemq.artemis.core.server] (ServerService Thread Pool -- 62) AMQ221007: Server is now live
2016-07-18 13:24:25,464 INFO  [org.apache.activemq.artemis.core.server] (ServerService Thread Pool -- 62) AMQ221001: Apache ActiveMQ Artemis Message Broker version 1.1.0.SP16-redhat-1 [nodeID=2eac63d7-4cda-11e6-bc5c-8f0090faa1ee] 
2016-07-18 13:24:25,485 INFO  [org.wildfly.extension.messaging-activemq] (ServerService Thread Pool -- 63) WFLYMSGAMQ0002: Object de messagerie lié au nom jndi java:/ConnectionFactory
2016-07-18 13:24:25,502 INFO  [org.wildfly.extension.messaging-activemq] (ServerService Thread Pool -- 62) WFLYMSGAMQ0002: Object de messagerie lié au nom jndi java:jboss/exported/jms/RemoteConnectionFactory
2016-07-18 13:24:25,504 INFO  [org.apache.activemq.artemis.core.server] (ServerService Thread Pool -- 65) AMQ221003: trying to deploy queue jms.queue.ExpiryQueue
2016-07-18 13:24:25,538 INFO  [org.apache.activemq.artemis.core.server] (ServerService Thread Pool -- 64) AMQ221003: trying to deploy queue jms.queue.DLQ
2016-07-18 13:24:25,545 INFO  [org.jboss.as.connector.deployment] (MSC service thread 1-3) WFLYJCA0007: Fabrique de connexions enregistrée java:/JmsXA
2016-07-18 13:24:25,587 INFO  [org.apache.activemq.artemis.ra] (MSC service thread 1-3) Resource adaptor started
2016-07-18 13:24:25,587 INFO  [org.jboss.as.connector.services.resourceadapters.ResourceAdapterActivatorService$ResourceAdapterActivator] (MSC service thread 1-3) IJ020002: Deployed: file://RaActivatoractivemq-ra
2016-07-18 13:24:25,589 INFO  [org.jboss.as.connector.deployment] (MSC service thread 1-3) WFLYJCA0002: JCA liée ConnectionFactory [java:/JmsXA]
2016-07-18 13:24:25,589 INFO  [org.wildfly.extension.messaging-activemq] (MSC service thread 1-3) WFLYMSGAMQ0002: Object de messagerie lié au nom jndi java:jboss/DefaultJMSConnectionFactory
2016-07-18 13:24:25,708 INFO  [org.jboss.as] (Controller Boot Thread) WFLYSRV0025: JBoss EAP 7.0.0.GA (WildFly Core 2.1.2.Final-redhat-1) a démarré en 3347ms - 297 sur 583 services ont démarré (384 services sont passifs ou à la demande)
2016-07-18 13:43:22,941 INFO  [org.jboss.as.server.deployment] (MSC service thread 1-1) WFLYSRV0027: Lancement du déploiement de "HelloWorld.war" (runtime-name: "HelloWorld.war")
2016-07-18 13:43:24,328 INFO  [org.wildfly.extension.undertow] (ServerService Thread Pool -- 93) WFLYUT0021: Contexte web enregistré : /HelloWorld
2016-07-18 13:43:24,370 INFO  [org.jboss.as.server] (ServerService Thread Pool -- 90) WFLYSRV0010: Déploiement de "HelloWorld.war" (runtime-name: "HelloWorld.war")
2016-07-18 15:16:35,641 INFO  [org.jboss.as.repository] (ServerService Thread Pool -- 67) WFLYDR0011: Impossible d'afficher les fichiers de répertoire pour /Users/enonowog/BlogWorkspace/EAPDomains/labs-eap7/jboss-eap-7.0/bin/../../host2/domain/servers/Server21/data/content
2016-07-18 15:21:35,630 INFO  [org.jboss.as.repository] (ServerService Thread Pool -- 1) WFLYDR0011: Impossible d'afficher les fichiers de répertoire pour /Users/enonowog/BlogWorkspace/EAPDomains/labs-eap7/jboss-eap-7.0/bin/../../host2/domain/servers/Server21/data/content
2016-07-18 15:26:35,622 INFO  [org.jboss.as.repository] (ServerService Thread Pool -- 67) WFLYDR0011: Impossible d'afficher les fichiers de répertoire pour /Users/enonowog/BlogWorkspace/EAPDomains/labs-eap7/jboss-eap-7.0/bin/../../host2/domain/servers/Server21/data/content
2016-07-18 15:30:46,460 INFO  [org.jboss.as.server] (Thread-2) WFLYSRV0220: La fermeture du serveur à été demandée.
2016-07-18 15:30:46,505 INFO  [org.wildfly.extension.undertow] (ServerService Thread Pool -- 101) WFLYUT0022: Contexte web désenregistré : /HelloWorld
2016-07-18 15:30:46,523 WARN  [org.wildfly.extension.undertow] (ServerService Thread Pool -- 101) WFLYUT0017: N'a pas pu supprimer le fichier temp /Users/enonowog/BlogWorkspace/EAPDomains/labs-eap7/jboss-eap-7.0/bin/../../host2/domain/servers/Server21/tmp/HelloWorld.war du servlet
2016-07-18 15:30:46,529 INFO  [org.wildfly.extension.undertow] (MSC service thread 1-4) WFLYUT0019: L'hôte default-host s'arrête
2016-07-18 15:30:46,532 INFO  [org.wildfly.extension.messaging-activemq] (MSC service thread 1-2) WFLYMSGAMQ0006: Object de messagerie non lié au nom jndi java:jboss/DefaultJMSConnectionFactory
2016-07-18 15:30:46,531 INFO  [org.jboss.as.connector.subsystems.datasources] (MSC service thread 1-8) WFLYJCA0010: Source de données non liée [java:jboss/datasources/ExampleDS]
2016-07-18 15:30:46,532 INFO  [org.jboss.as.connector.deployment] (MSC service thread 1-1) WFLYJCA0011: JCA non liée ConnectionFactory [java:/JmsXA]
2016-07-18 15:30:46,534 INFO  [org.jboss.as.connector.deployers.jdbc] (MSC service thread 1-1) WFLYJCA0019: Arrêt du service de pilote avec le nom de pilote  = h2
2016-07-18 15:30:46,541 ERROR [org.jboss.as.server.deployment] (MSC service thread 1-5) WFLYSRV0043: Le processeur de l'unité de déploiement org.jboss.as.ee.beanvalidation.BeanValidationFactoryDeployer@5630b39c a envoyé une exception de manière inattendue pendant la phase d'annulation du déploiement POST_MODULE sur deployment "HelloWorld.war": java.util.ServiceConfigurationError: javax.validation.spi.ValidationProvider: Error reading configuration file
	at java.util.ServiceLoader.fail(ServiceLoader.java:232)
	at java.util.ServiceLoader.parse(ServiceLoader.java:309)
	at java.util.ServiceLoader.access$200(ServiceLoader.java:185)
	at java.util.ServiceLoader$LazyIterator.hasNextService(ServiceLoader.java:357)
	at java.util.ServiceLoader$LazyIterator.hasNext(ServiceLoader.java:393)
	at java.util.ServiceLoader$1.hasNext(ServiceLoader.java:474)
	at org.jboss.as.ee.beanvalidation.WildFlyProviderResolver.loadProviders(WildFlyProviderResolver.java:91)
	at org.jboss.as.ee.beanvalidation.WildFlyProviderResolver.getValidationProviders(WildFlyProviderResolver.java:76)
	at org.jboss.as.ee.beanvalidation.WildFlyProviderResolver.getValidationProviders(WildFlyProviderResolver.java:56)
	at javax.validation.Validation$GenericBootstrapImpl.configure(Validation.java:257)
	at org.jboss.as.ee.beanvalidation.LazyValidatorFactory.initFactory(LazyValidatorFactory.java:80)
	at org.jboss.as.ee.beanvalidation.LazyValidatorFactory.getDelegate(LazyValidatorFactory.java:58)
	at org.jboss.as.ee.beanvalidation.LazyValidatorFactory.close(LazyValidatorFactory.java:126)
	at org.jboss.as.ee.beanvalidation.BeanValidationFactoryDeployer.undeploy(BeanValidationFactoryDeployer.java:120)
	at org.jboss.as.server.deployment.DeploymentUnitPhaseService.safeUndeploy(DeploymentUnitPhaseService.java:272)
	at org.jboss.as.server.deployment.DeploymentUnitPhaseService.stop(DeploymentUnitPhaseService.java:230)
	at org.jboss.msc.service.ServiceControllerImpl$StopTask.stopService(ServiceControllerImpl.java:2056)
	at org.jboss.msc.service.ServiceControllerImpl$StopTask.run(ServiceControllerImpl.java:2017)
	at java.util.concurrent.ThreadPoolExecutor.runWorker(ThreadPoolExecutor.java:1142)
	at java.util.concurrent.ThreadPoolExecutor$Worker.run(ThreadPoolExecutor.java:617)
	at java.lang.Thread.run(Thread.java:745)
Caused by: java.io.FileNotFoundException: /Users/enonowog/BlogWorkspace/EAPDomains/labs-eap7/jboss-eap-7.0/modules/system/layers/base/org/hibernate/validator/main/hibernate-validator-5.2.4.Final-redhat-1.jar (No such file or directory)
	at java.util.zip.ZipFile.open(Native Method)
	at java.util.zip.ZipFile.<init>(ZipFile.java:219)
	at java.util.zip.ZipFile.<init>(ZipFile.java:149)
	at java.util.jar.JarFile.<init>(JarFile.java:166)
	at java.util.jar.JarFile.<init>(JarFile.java:103)
	at sun.net.www.protocol.jar.URLJarFile.<init>(URLJarFile.java:93)
	at sun.net.www.protocol.jar.URLJarFile.getJarFile(URLJarFile.java:69)
	at sun.net.www.protocol.jar.JarFileFactory.get(JarFileFactory.java:84)
	at sun.net.www.protocol.jar.JarURLConnection.connect(JarURLConnection.java:122)
	at sun.net.www.protocol.jar.JarURLConnection.getInputStream(JarURLConnection.java:150)
	at java.net.URL.openStream(URL.java:1045)
	at java.util.ServiceLoader.parse(ServiceLoader.java:304)
	... 19 more

2016-07-18 15:30:46,551 INFO  [org.jboss.as.server.deployment] (MSC service thread 1-4) WFLYSRV0028: Arrêt du déploiement de HelloWorld.war (runtime-name: "HelloWorld.war") en 84ms
2016-07-18 15:30:46,554 INFO  [org.apache.activemq.artemis.ra] (ServerService Thread Pool -- 99) AMQ151003: resource adaptor stopped
2016-07-18 15:30:46,578 INFO  [org.apache.activemq.artemis.core.server] (ServerService Thread Pool -- 99) AMQ221002: Apache ActiveMQ Artemis Message Broker version 1.1.0.SP16-redhat-1 [2eac63d7-4cda-11e6-bc5c-8f0090faa1ee] stopped
2016-07-18 15:30:46,579 INFO  [org.wildfly.extension.undertow] (MSC service thread 1-4) WFLYUT0008: Undertow HTTP écouteur default en cours de suspension
2016-07-18 15:30:46,579 INFO  [org.wildfly.extension.undertow] (MSC service thread 1-4) WFLYUT0007: Undertow HTTP écouteur default s'est arrêté, était lié à 127.0.0.1:8080
2016-07-18 15:30:46,580 INFO  [org.wildfly.extension.undertow] (MSC service thread 1-4) WFLYUT0004: Arrêt 1.3.21.Final-redhat-1 d'Undertow
2016-07-18 15:30:46,592 INFO  [org.jboss.as] (MSC service thread 1-5) WFLYSRV0050: JBoss EAP 7.0.0.GA (WildFly Core 2.1.2.Final-redhat-1) arrêté en 124ms
2016-07-18 15:32:32,742 WARN  [org.jboss.as.txn] (ServerService Thread Pool -- 58) WFLYTX0013: Propriété d'identificateur de noeud définie à la valeur par défaut. Veillez à ce que cette valeur soit bien unique.
2016-07-18 15:32:32,756 INFO  [org.jboss.as.connector.subsystems.datasources] (ServerService Thread Pool -- 35) WFLYJCA0004: Déploiement du pilote compatible JDCB class org.h2.Driver (version 1.3)
2016-07-18 15:32:32,756 INFO  [org.wildfly.extension.io] (ServerService Thread Pool -- 38) WFLYIO001: L'employé 'default' a configuré automatiquement les fils principaux 16 avec les fils de tâche 128 selon vos 8 processeurs disponibles
2016-07-18 15:32:32,758 INFO  [org.jboss.as.clustering.infinispan] (ServerService Thread Pool -- 39) WFLYCLINF0001: Activation du sous-système Infinispan
2016-07-18 15:32:32,762 INFO  [org.jboss.as.jsf] (ServerService Thread Pool -- 46) WFLYJSF0007: A activé les implémentations JSF suivantes : [main]
2016-07-18 15:32:32,820 INFO  [org.jboss.as.naming] (ServerService Thread Pool -- 50) WFLYNAM0001: Démarrage du sous-système de nommage
2016-07-18 15:32:32,829 INFO  [org.jboss.as.webservices] (ServerService Thread Pool -- 60) WFLYWS0002: Activation de l'extension WebServices
2016-07-18 15:32:32,844 INFO  [org.jboss.as.connector] (MSC service thread 1-2) WFLYJCA0009: Démarrage du sous-système JCA (WildFly/IronJacamar 1.3.3.Final-redhat-1)
2016-07-18 15:32:32,855 INFO  [org.jboss.as.connector.deployers.jdbc] (MSC service thread 1-4) WFLYJCA0018: Démarrage du service de pilote avec le nom de pilote  = h2
2016-07-18 15:32:32,856 INFO  [org.jboss.as.security] (ServerService Thread Pool -- 56) WFLYSEC0002: Activation du sous-système de sécurité
2016-07-18 15:32:32,858 INFO  [org.wildfly.iiop.openjdk] (ServerService Thread Pool -- 40) WFLYIIOP0001: Activation du sous-système IIOP
2016-07-18 15:32:32,863 INFO  [org.jboss.as.security] (MSC service thread 1-8) WFLYSEC0001: Version PicketBox actuelle=4.9.6.Final-redhat-1
2016-07-18 15:32:32,869 INFO  [org.wildfly.extension.undertow] (MSC service thread 1-1) WFLYUT0003: Démarrage 1.3.21.Final-redhat-1 d'Undertow 
2016-07-18 15:32:32,869 INFO  [org.wildfly.extension.undertow] (ServerService Thread Pool -- 59) WFLYUT0003: Démarrage 1.3.21.Final-redhat-1 d'Undertow 
2016-07-18 15:32:32,927 INFO  [org.jboss.as.naming] (MSC service thread 1-5) WFLYNAM0003: Démarrage du service de nommage
2016-07-18 15:32:32,927 INFO  [org.jboss.as.mail.extension] (MSC service thread 1-4) WFLYMAIL0001: Session mail liée [java:jboss/mail/Default]
2016-07-18 15:32:32,971 INFO  [org.wildfly.extension.undertow] (ServerService Thread Pool -- 59) WFLYUT0014: Création de gestionnaire de fichier pour le chemin '/Users/enonowog/BlogWorkspace/EAPDomains/labs/jboss-eap-7.0/welcome-content' avec les options [directory-listing: 'false', follow-symlink: 'false', case-sensitive: 'true', safe-symlink-paths: '[]']
2016-07-18 15:32:33,205 INFO  [org.wildfly.extension.undertow] (MSC service thread 1-4) WFLYUT0012: A démarré le serveur default-server.
2016-07-18 15:32:33,208 INFO  [org.wildfly.extension.undertow] (MSC service thread 1-4) WFLYUT0018: L'hôte default-host démarre
2016-07-18 15:32:33,302 INFO  [org.wildfly.extension.undertow] (MSC service thread 1-4) WFLYUT0006: Undertow HTTP écouteur default écoutant sur 127.0.0.1:8380
2016-07-18 15:32:33,344 INFO  [org.jboss.as.ejb3] (MSC service thread 1-8) WFLYEJB0482: Strict pool mdb-strict-max-pool utilise une taille d'instance max de 32 (par classe), qui est dérivée du nombre de CPU présents sur cet hôte.
2016-07-18 15:32:33,344 INFO  [org.jboss.as.ejb3] (MSC service thread 1-5) WFLYEJB0481: Strict pool slsb-strict-max-pool utilise une taille d'instance max de 128 (par classe), qui est dérivée de la taille du pool de worker de threads.
2016-07-18 15:32:33,492 INFO  [org.jboss.as.connector.subsystems.datasources] (MSC service thread 1-1) WFLYJCA0001: Source de données liée [java:jboss/datasources/ExampleDS]
2016-07-18 15:32:33,591 INFO  [org.wildfly.iiop.openjdk] (MSC service thread 1-2) WFLYIIOP0009: Service CORBA ORB démarré
2016-07-18 15:32:33,594 INFO  [org.wildfly.extension.messaging-activemq] (MSC service thread 1-7) WFLYMSGAMQ0001: AIO ne se trouvait pas sur cette plateforme, il faudra donc utiliser du Java NIO pur.
2016-07-18 15:32:33,612 INFO  [org.jboss.as.server.deployment] (MSC service thread 1-8) WFLYSRV0027: Lancement du déploiement de "HelloWorld.war" (runtime-name: "HelloWorld.war")
2016-07-18 15:32:33,652 INFO  [org.jboss.ws.common.management] (MSC service thread 1-4) JBWS022052: Starting JBossWS 5.1.3.SP1-redhat-1 (Apache CXF 3.1.4.redhat-1) 
2016-07-18 15:32:33,651 INFO  [org.apache.activemq.artemis.core.server] (ServerService Thread Pool -- 62) AMQ221000: live Message Broker is starting with configuration Broker Configuration (clustered=false,journalDirectory=/Users/enonowog/BlogWorkspace/EAPDomains/labs/jboss-eap-7.0/bin/../../host2/domain/servers/Server21/data/activemq/journal,bindingsDirectory=/Users/enonowog/BlogWorkspace/EAPDomains/labs/jboss-eap-7.0/bin/../../host2/domain/servers/Server21/data/activemq/bindings,largeMessagesDirectory=/Users/enonowog/BlogWorkspace/EAPDomains/labs/jboss-eap-7.0/bin/../../host2/domain/servers/Server21/data/activemq/largemessages,pagingDirectory=/Users/enonowog/BlogWorkspace/EAPDomains/labs/jboss-eap-7.0/bin/../../host2/domain/servers/Server21/data/activemq/paging)
2016-07-18 15:32:33,680 INFO  [org.apache.activemq.artemis.core.server] (ServerService Thread Pool -- 62) AMQ221013: Using NIO Journal
2016-07-18 15:32:33,751 INFO  [org.infinispan.factories.GlobalComponentRegistry] (MSC service thread 1-1) ISPN000128: Infinispan version: Infinispan 'Mahou' 8.1.2.Final-redhat-1
2016-07-18 15:32:33,828 INFO  [org.apache.activemq.artemis.core.server] (ServerService Thread Pool -- 62) AMQ221043: Protocol module found: [artemis-server]. Adding protocol support for: CORE
2016-07-18 15:32:33,832 INFO  [org.apache.activemq.artemis.core.server] (ServerService Thread Pool -- 62) AMQ221043: Protocol module found: [artemis-hornetq-protocol]. Adding protocol support for: HORNETQ
2016-07-18 15:32:34,261 INFO  [org.wildfly.extension.messaging-activemq] (MSC service thread 1-8) WFLYMSGAMQ0016: Mise à niveau HTTP enregistré pour le protocole activemq-remoting géré par l'acceptateur http-acceptor
2016-07-18 15:32:34,261 INFO  [org.wildfly.extension.messaging-activemq] (MSC service thread 1-6) WFLYMSGAMQ0016: Mise à niveau HTTP enregistré pour le protocole activemq-remoting géré par l'acceptateur http-acceptor-throughput
2016-07-18 15:32:34,261 INFO  [org.wildfly.extension.messaging-activemq] (MSC service thread 1-5) WFLYMSGAMQ0016: Mise à niveau HTTP enregistré pour le protocole activemq-remoting géré par l'acceptateur http-acceptor
2016-07-18 15:32:34,262 INFO  [org.wildfly.extension.messaging-activemq] (MSC service thread 1-7) WFLYMSGAMQ0016: Mise à niveau HTTP enregistré pour le protocole activemq-remoting géré par l'acceptateur http-acceptor-throughput
2016-07-18 15:32:34,405 INFO  [org.apache.activemq.artemis.core.server] (ServerService Thread Pool -- 62) AMQ221007: Server is now live
2016-07-18 15:32:34,406 INFO  [org.apache.activemq.artemis.core.server] (ServerService Thread Pool -- 62) AMQ221001: Apache ActiveMQ Artemis Message Broker version 1.1.0.SP16-redhat-1 [nodeID=2eac63d7-4cda-11e6-bc5c-8f0090faa1ee] 
2016-07-18 15:32:34,428 INFO  [org.wildfly.extension.messaging-activemq] (ServerService Thread Pool -- 63) WFLYMSGAMQ0002: Object de messagerie lié au nom jndi java:jboss/exported/jms/RemoteConnectionFactory
2016-07-18 15:32:34,437 INFO  [org.wildfly.extension.messaging-activemq] (ServerService Thread Pool -- 62) WFLYMSGAMQ0002: Object de messagerie lié au nom jndi java:/ConnectionFactory
2016-07-18 15:32:34,438 INFO  [org.apache.activemq.artemis.core.server] (ServerService Thread Pool -- 65) AMQ221003: trying to deploy queue jms.queue.ExpiryQueue
2016-07-18 15:32:34,445 INFO  [org.apache.activemq.artemis.core.server] (ServerService Thread Pool -- 64) AMQ221003: trying to deploy queue jms.queue.DLQ
2016-07-18 15:32:34,493 INFO  [org.jboss.as.connector.deployment] (MSC service thread 1-6) WFLYJCA0007: Fabrique de connexions enregistrée java:/JmsXA
2016-07-18 15:32:34,541 INFO  [org.apache.activemq.artemis.ra] (MSC service thread 1-6) Resource adaptor started
2016-07-18 15:32:34,541 INFO  [org.jboss.as.connector.services.resourceadapters.ResourceAdapterActivatorService$ResourceAdapterActivator] (MSC service thread 1-6) IJ020002: Deployed: file://RaActivatoractivemq-ra
2016-07-18 15:32:34,543 INFO  [org.jboss.as.connector.deployment] (MSC service thread 1-5) WFLYJCA0002: JCA liée ConnectionFactory [java:/JmsXA]
2016-07-18 15:32:34,543 INFO  [org.wildfly.extension.messaging-activemq] (MSC service thread 1-8) WFLYMSGAMQ0002: Object de messagerie lié au nom jndi java:jboss/DefaultJMSConnectionFactory
2016-07-18 15:32:34,734 INFO  [org.wildfly.extension.undertow] (ServerService Thread Pool -- 62) WFLYUT0021: Contexte web enregistré : /HelloWorld
2016-07-18 15:32:34,769 INFO  [org.jboss.as.server] (Controller Boot Thread) WFLYSRV0010: Déploiement de "HelloWorld.war" (runtime-name: "HelloWorld.war")
2016-07-18 15:32:34,892 INFO  [org.jboss.as] (Controller Boot Thread) WFLYSRV0025: JBoss EAP 7.0.0.GA (WildFly Core 2.1.2.Final-redhat-1) a démarré en 3754ms - 369 sur 660 services ont démarré (395 services sont passifs ou à la demande)
2016-07-18 15:34:53,732 INFO  [org.wildfly.extension.undertow] (ServerService Thread Pool -- 69) WFLYUT0022: Contexte web désenregistré : /HelloWorld
2016-07-18 15:34:53,752 INFO  [org.hibernate.validator.internal.util.Version] (MSC service thread 1-1) HV000001: Hibernate Validator 5.2.4.Final-redhat-1
2016-07-18 15:34:53,807 INFO  [org.jboss.as.server.deployment] (MSC service thread 1-1) WFLYSRV0028: Arrêt du déploiement de HelloWorld.war (runtime-name: "HelloWorld.war") en 80ms
2016-07-18 15:34:53,889 INFO  [org.jboss.as.server] (ServerService Thread Pool -- 68) WFLYSRV0009: Annulation du déploiement de "HelloWorld.war" (runtime-name: "HelloWorld.war")
2016-07-18 15:34:53,894 INFO  [org.jboss.as.repository] (ServerService Thread Pool -- 68) WFLYDR0002: Contenu supprimé de la location /Users/enonowog/BlogWorkspace/EAPDomains/labs/jboss-eap-7.0/bin/../../host2/domain/servers/Server21/data/content/09/0c89a552653143e70d4c1aa6c7eaf5e9e0086b/content
