2016-07-18 15:32:28,527 INFO  [org.jboss.modules] (main) JBoss Modules version 1.5.1.Final-redhat-1
2016-07-18 15:32:28,678 INFO  [org.jboss.msc] (main) JBoss MSC version 1.2.6.Final-redhat-1
2016-07-18 15:32:28,712 INFO  [org.jboss.as] (MSC service thread 1-7) WFLYSRV0049: JBoss EAP 7.0.0.GA (WildFly Core 2.1.2.Final-redhat-1) démarre
2016-07-18 15:32:29,170 INFO  [org.xnio] (MSC service thread 1-3) XNIO version 3.3.6.Final-redhat-1
2016-07-18 15:32:29,175 INFO  [org.xnio.nio] (MSC service thread 1-3) XNIO NIO Implementation Version 3.3.6.Final-redhat-1
2016-07-18 15:32:29,209 INFO  [org.jboss.remoting] (MSC service thread 1-3) JBoss Remoting version 4.0.18.Final-redhat-1
2016-07-18 15:32:29,266 INFO  [org.jboss.as.remoting] (MSC service thread 1-3) WFLYRMT0001: Écoute sur 127.0.0.1:29999
2016-07-18 15:32:30,941 INFO  [org.jboss.as.controller.management-deprecated] (Host Controller Service Threads - 5) WFLYCTL0028: L'attribut 'max-permgen-size' dans les ressources à l'adresse '/server-group=singleton-server-group/jvm=default' est désapprouvé et peut être supprimé dans la prochaine version. Pour en savoir plus sur la désapprobation, consulter la description de l'attribut dans la sortie de l'opération  read-resource-description.
2016-07-18 15:32:30,942 INFO  [org.jboss.as.controller.management-deprecated] (Host Controller Service Threads - 5) WFLYCTL0028: L'attribut 'max-permgen-size' dans les ressources à l'adresse '/server-group=secondary-server-group/jvm=default' est désapprouvé et peut être supprimé dans la prochaine version. Pour en savoir plus sur la désapprobation, consulter la description de l'attribut dans la sortie de l'opération  read-resource-description.
2016-07-18 15:32:30,944 INFO  [org.jboss.as.controller.management-deprecated] (Host Controller Service Threads - 5) WFLYCTL0028: L'attribut 'max-permgen-size' dans les ressources à l'adresse '/server-group=primary-server-group/jvm=default' est désapprouvé et peut être supprimé dans la prochaine version. Pour en savoir plus sur la désapprobation, consulter la description de l'attribut dans la sortie de l'opération  read-resource-description.
2016-07-18 15:32:31,007 INFO  [org.jboss.as.host.controller] (Controller Boot Thread) WFLYHC0148: S'est connecté au contrôleur d'hôte du master à remote://127.0.0.1:9999
2016-07-18 15:32:31,033 INFO  [org.jboss.as.host.controller] (Controller Boot Thread) WFLYHC0023: Démarrage du serveur Server21
2016-07-18 15:32:31,035 WARN  [org.jboss.as.host.controller] (Controller Boot Thread) WFLYHC0011: Ignorer <permgen> pour jvm 'SUN' type jvm: default
2016-07-18 15:32:31,049 WARN  [org.jboss.as.host.controller] (ProcessControllerConnection-thread - 2) WFLYHC0011: Ignorer <permgen> pour jvm 'SUN' type jvm: default
2016-07-18 15:32:32,160 INFO  [org.jboss.as.host.controller] (management task-1) WFLYHC0021: Serveur [Server:Server21] connecté avec la connexion [Channel ID 1e63c517 (inbound) of Remoting connection 685c6396 to /127.0.0.1:57851]
2016-07-18 15:32:32,172 INFO  [org.jboss.as.host.controller] (Controller Boot Thread) WFLYHC0023: Démarrage du serveur Server22
2016-07-18 15:32:32,173 WARN  [org.jboss.as.host.controller] (Controller Boot Thread) WFLYHC0011: Ignorer <permgen> pour jvm 'SUN' type jvm: default
2016-07-18 15:32:32,180 INFO  [org.jboss.as.host.controller] (server-registration-threads - 1) WFLYHC0020: Enregistrement du serveur Server21
2016-07-18 15:32:32,184 WARN  [org.jboss.as.host.controller] (ProcessControllerConnection-thread - 2) WFLYHC0011: Ignorer <permgen> pour jvm 'SUN' type jvm: default
2016-07-18 15:32:34,168 INFO  [org.jboss.as.host.controller] (management task-5) WFLYHC0021: Serveur [Server:Server22] connecté avec la connexion [Channel ID 6c727756 (inbound) of Remoting connection 465dabe5 to /127.0.0.1:57852]
2016-07-18 15:32:34,181 INFO  [org.jboss.as.host.controller] (Controller Boot Thread) WFLYHC0023: Démarrage du serveur Server23
2016-07-18 15:32:34,181 WARN  [org.jboss.as.host.controller] (Controller Boot Thread) WFLYHC0011: Ignorer <permgen> pour jvm 'SUN' type jvm: default
2016-07-18 15:32:34,183 INFO  [org.jboss.as.host.controller] (server-registration-threads - 1) WFLYHC0020: Enregistrement du serveur Server22
2016-07-18 15:32:34,191 WARN  [org.jboss.as.host.controller] (ProcessControllerConnection-thread - 2) WFLYHC0011: Ignorer <permgen> pour jvm 'SUN' type jvm: default
2016-07-18 15:32:36,387 INFO  [org.jboss.as.host.controller] (management task-10) WFLYHC0021: Serveur [Server:Server23] connecté avec la connexion [Channel ID 5c0b8970 (inbound) of Remoting connection 21a7d6ae to /127.0.0.1:57853]
2016-07-18 15:32:36,399 INFO  [org.jboss.as.host.controller] (server-registration-threads - 1) WFLYHC0020: Enregistrement du serveur Server23
2016-07-18 15:32:36,409 INFO  [org.jboss.as] (Controller Boot Thread) WFLYSRV0025: JBoss EAP 7.0.0.GA (WildFly Core 2.1.2.Final-redhat-1) (Host Controller) a démarré en 8172ms - 43 sur 44 services ont démarré (13 services sont passifs ou à la demande)
2016-07-18 15:34:53,906 INFO  [org.jboss.as.repository] (Host Controller Service Threads - 17) WFLYDR0002: Contenu supprimé de la location /Users/enonowog/BlogWorkspace/EAPDomains/labs/jboss-eap-7.0/bin/../../host2/domain/data/content/09/0c89a552653143e70d4c1aa6c7eaf5e9e0086b/content
